SF:lib/features/meditation/models/meditation_session.dart
DA:14,3
DA:19,3
DA:22,3
DA:23,9
DA:24,1
DA:26,6
DA:27,1
DA:29,9
DA:30,1
DA:34,3
DA:35,3
DA:36,3
DA:38,4
DA:39,6
DA:41,2
DA:46,2
DA:47,2
DA:48,1
DA:49,0
DA:53,2
DA:54,8
DA:57,2
DA:58,2
DA:65,1
DA:69,1
DA:76,1
DA:77,1
LF:27
LH:26
end_of_record
SF:lib/features/meditation/bloc/meditation_bloc.dart
DA:17,1
DA:22,2
DA:23,2
DA:24,2
DA:25,2
DA:26,2
DA:27,2
DA:28,2
DA:29,2
DA:30,2
DA:32,4
DA:33,0
DA:37,1
DA:42,3
DA:43,1
DA:45,2
DA:46,2
DA:47,2
DA:50,0
DA:54,0
DA:58,0
DA:60,0
DA:61,0
DA:62,0
DA:63,0
DA:66,0
DA:69,0
DA:74,0
DA:78,0
DA:80,0
DA:81,0
DA:82,0
DA:83,0
DA:86,0
DA:89,0
DA:94,1
DA:99,2
DA:100,2
DA:101,1
DA:102,2
DA:104,0
DA:108,0
DA:113,0
DA:115,0
DA:119,0
DA:124,0
DA:126,0
DA:130,1
DA:134,3
DA:136,2
DA:138,1
DA:139,1
DA:141,3
DA:142,1
DA:143,1
DA:145,1
DA:148,2
DA:149,2
DA:150,1
DA:152,2
DA:153,1
DA:155,0
DA:156,0
DA:157,0
DA:162,0
DA:166,0
DA:167,0
DA:168,0
DA:169,0
DA:174,1
DA:175,1
DA:176,4
DA:177,0
DA:181,1
DA:182,1
DA:183,1
DA:186,1
DA:188,2
DA:189,2
DA:190,2
DA:191,1
LF:81
LH:47
end_of_record
SF:lib/features/meditation/bloc/meditation_event.dart
DA:5,10
DA:7,0
DA:8,0
DA:14,2
DA:16,1
DA:17,2
DA:21,6
DA:25,6
DA:29,7
DA:36,2
DA:41,1
DA:42,3
DA:49,1
DA:54,0
DA:55,0
DA:61,1
DA:63,0
DA:64,0
DA:70,0
DA:72,0
DA:73,0
LF:21
LH:12
end_of_record
SF:lib/features/meditation/bloc/meditation_state.dart
DA:6,2
DA:10,1
DA:11,1
DA:18,2
DA:23,1
DA:24,3
DA:30,2
DA:34,1
DA:35,2
DA:41,0
DA:43,0
DA:44,0
LF:12
LH:9
end_of_record
SF:lib/features/meditation/models/ambient_sound_settings.dart
DA:15,5
DA:18,6
DA:22,2
DA:26,2
DA:27,1
DA:28,1
DA:32,1
DA:33,3
DA:35,1
DA:37,3
LF:10
LH:10
end_of_record
SF:lib/features/meditation/views/meditation_session_screen.dart
DA:10,1
DA:12,1
DA:14,1
DA:15,1
DA:18,1
DA:19,1
DA:20,1
DA:23,1
DA:29,1
DA:30,1
DA:31,1
DA:32,1
DA:34,1
DA:37,1
DA:38,0
DA:39,0
DA:48,1
DA:49,1
DA:52,1
DA:55,1
DA:56,1
DA:57,1
DA:59,1
DA:64,1
DA:66,1
DA:67,1
DA:68,0
DA:69,1
DA:70,0
DA:71,1
DA:72,2
DA:73,1
DA:74,0
DA:75,1
DA:76,0
DA:84,1
DA:86,5
DA:88,6
DA:89,1
DA:91,1
DA:92,1
DA:93,1
DA:94,1
DA:95,1
DA:97,1
DA:98,1
DA:100,1
DA:102,1
DA:103,3
DA:104,1
DA:107,0
DA:108,0
DA:109,0
DA:112,1
DA:115,0
DA:116,0
DA:117,0
DA:119,1
DA:120,1
DA:123,0
DA:124,0
DA:125,0
DA:133,1
DA:138,1
DA:139,1
DA:141,1
DA:143,1
DA:147,1
DA:148,2
DA:149,1
DA:150,2
DA:156,1
DA:158,1
DA:159,1
DA:161,1
DA:163,1
DA:164,1
DA:165,1
DA:167,1
DA:169,1
DA:170,2
DA:171,1
DA:176,1
DA:177,1
DA:179,0
DA:180,0
DA:181,0
DA:191,1
DA:192,2
DA:193,2
DA:202,1
DA:207,1
DA:209,1
DA:210,1
DA:211,3
LF:95
LH:77
end_of_record
SF:lib/features/auth/bloc/auth_bloc.dart
DA:12,3
DA:15,6
DA:16,6
DA:17,6
DA:18,6
DA:19,6
DA:20,6
DA:23,12
DA:24,1
DA:26,2
DA:31,1
DA:35,2
DA:37,2
DA:39,2
DA:43,1
DA:47,2
DA:49,2
DA:50,1
DA:51,1
DA:53,2
DA:54,1
DA:55,4
DA:57,0
DA:61,1
DA:65,2
DA:67,2
DA:68,1
DA:69,1
DA:71,2
DA:72,1
DA:73,4
DA:75,0
DA:79,1
DA:83,2
DA:85,2
DA:86,2
DA:87,1
DA:88,4
DA:90,0
DA:94,1
DA:98,2
DA:100,3
DA:101,3
DA:102,1
DA:103,4
DA:105,0
DA:109,3
DA:111,6
DA:112,3
LF:49
LH:45
end_of_record
SF:lib/features/auth/repository/mock_auth_repository.dart
DA:26,2
DA:27,4
DA:29,0
DA:30,0
DA:32,0
DA:37,0
DA:39,0
DA:41,0
DA:44,0
DA:45,0
DA:48,0
DA:49,0
DA:50,0
DA:53,0
DA:58,0
DA:60,0
DA:61,0
DA:64,0
DA:65,0
DA:68,0
DA:69,0
DA:71,0
DA:74,0
DA:80,0
DA:81,0
DA:85,0
DA:87,0
DA:89,0
DA:90,0
DA:94,0
DA:97,0
DA:99,0
DA:100,0
DA:101,0
DA:104,0
DA:105,0
DA:114,2
LF:37
LH:3
end_of_record
SF:lib/features/auth/views/login_screen.dart
DA:8,2
DA:10,2
DA:11,2
DA:20,2
DA:22,4
DA:23,4
DA:24,2
DA:27,1
DA:28,3
DA:29,0
DA:30,0
DA:31,0
DA:32,0
DA:34,0
DA:35,0
DA:36,0
DA:38,0
DA:42,2
DA:44,2
DA:45,2
DA:46,0
DA:47,0
DA:48,0
DA:49,0
DA:50,0
DA:56,2
DA:57,2
DA:59,2
DA:60,2
DA:61,2
DA:63,2
DA:64,2
DA:65,2
DA:66,6
DA:69,2
DA:70,2
DA:76,1
DA:77,1
DA:80,0
DA:87,2
DA:88,2
DA:94,1
DA:95,1
DA:98,0
DA:105,2
DA:106,2
DA:107,2
DA:108,2
DA:109,2
DA:110,0
DA:112,2
DA:113,2
DA:114,2
DA:117,2
DA:118,2
DA:126,2
DA:127,1
DA:128,2
DA:129,2
DA:132,2
DA:133,2
DA:138,4
DA:140,2
DA:141,0
DA:142,0
DA:143,0
DA:144,0
DA:145,0
DA:149,0
LF:69
LH:47
end_of_record
SF:lib/features/auth/bloc/auth_event.dart
DA:4,1
DA:6,0
DA:7,0
DA:16,1
DA:21,0
DA:22,0
DA:29,1
DA:34,0
DA:35,0
DA:43,1
DA:45,0
DA:46,0
LF:12
LH:4
end_of_record
SF:lib/features/auth/bloc/auth_state.dart
DA:5,4
DA:7,1
DA:8,1
DA:21,1
DA:23,0
DA:24,0
DA:35,2
DA:40,0
DA:41,0
DA:43,0
DA:44,0
DA:51,1
DA:53,0
DA:54,0
LF:14
LH:6
end_of_record
SF:lib/features/auth/exceptions/auth_exception.dart
DA:6,4
DA:11,0
DA:18,0
DA:25,0
DA:32,0
DA:39,0
DA:46,0
DA:48,0
LF:8
LH:1
end_of_record
SF:lib/features/auth/models/user_model.dart
DA:9,3
DA:16,0
DA:22,0
DA:23,0
DA:24,0
DA:25,0
DA:26,0
DA:30,0
DA:32,0
DA:33,0
DA:35,0
DA:37,0
LF:12
LH:1
end_of_record
SF:lib/features/auth/views/auth_wrapper.dart
DA:9,1
DA:11,1
DA:13,1
DA:14,1
DA:16,2
DA:25,1
DA:30,1
DA:31,0
DA:32,0
DA:34,0
DA:35,0
DA:37,0
DA:38,0
DA:50,1
DA:51,1
DA:52,1
DA:53,1
DA:55,1
DA:56,1
DA:57,1
DA:62,1
DA:63,0
DA:64,0
DA:75,0
LF:24
LH:15
end_of_record
SF:lib/features/meditation/services/mock_audio_service.dart
DA:12,1
DA:14,2
DA:16,1
DA:18,2
DA:21,1
DA:23,2
DA:24,1
DA:26,3
DA:27,3
DA:30,1
DA:32,2
DA:33,1
DA:36,2
DA:37,1
DA:39,3
DA:40,3
DA:43,1
DA:45,3
DA:46,2
DA:47,3
DA:49,3
DA:55,1
DA:56,2
DA:57,2
DA:58,3
DA:62,1
DA:64,2
LF:27
LH:27
end_of_record
SF:lib/features/analytics/models/analytics_event.dart
DA:12,3
DA:19,3
DA:21,0
DA:22,0
DA:23,0
DA:24,0
DA:25,0
DA:26,0
DA:27,0
DA:28,0
DA:31,0
DA:33,0
DA:38,0
DA:40,1
DA:48,2
DA:49,1
DA:50,1
DA:53,1
DA:60,1
DA:64,1
DA:67,1
DA:68,2
DA:73,0
DA:80,0
DA:84,0
DA:87,0
DA:88,0
DA:97,0
DA:99,1
DA:108,2
DA:109,1
DA:110,1
DA:111,1
DA:114,1
DA:122,1
DA:126,1
DA:130,1
DA:131,1
DA:136,0
DA:144,0
DA:148,0
DA:152,0
DA:153,0
DA:161,1
DA:169,2
DA:170,0
DA:171,1
DA:174,1
DA:181,1
DA:185,1
DA:188,1
DA:194,0
DA:202,0
DA:206,0
DA:209,0
LF:55
LH:28
end_of_record
SF:lib/features/analytics/models/event_queue.dart
DA:11,2
DA:17,2
DA:18,2
DA:19,2
DA:20,2
DA:21,4
DA:25,2
DA:26,2
DA:27,2
DA:28,4
DA:29,4
DA:30,4
DA:31,6
DA:32,4
DA:33,4
DA:35,4
DA:36,2
DA:40,1
DA:41,1
DA:42,1
DA:43,1
DA:44,1
DA:45,1
DA:46,2
DA:47,1
DA:48,2
DA:51,1
DA:53,2
DA:54,1
DA:65,2
DA:69,2
DA:74,2
DA:75,6
DA:77,2
DA:83,2
DA:84,2
DA:85,2
DA:86,4
DA:87,14
DA:88,2
DA:89,2
DA:93,2
DA:94,8
DA:98,2
DA:99,4
DA:100,4
DA:101,4
DA:102,6
DA:108,1
DA:109,1
DA:110,3
DA:111,7
DA:115,3
DA:118,6
DA:121,3
DA:124,2
DA:125,4
DA:126,10
DA:127,2
DA:128,4
DA:133,2
DA:134,2
DA:135,2
DA:136,4
DA:137,2
DA:139,2
DA:141,2
DA:142,4
LF:68
LH:68
end_of_record
SF:lib/features/analytics/services/mock_analytics_service.dart
DA:24,1
DA:30,1
DA:32,1
DA:34,1
DA:35,2
DA:36,3
DA:37,3
DA:39,2
DA:42,1
DA:44,1
DA:45,1
DA:46,2
DA:47,3
DA:48,0
DA:51,2
DA:54,1
DA:60,1
DA:61,1
DA:63,2
DA:64,3
DA:69,1
DA:73,1
DA:74,2
DA:76,0
DA:82,1
DA:84,1
DA:85,2
DA:86,2
DA:89,2
DA:90,4
DA:93,1
DA:94,2
DA:97,1
DA:99,1
DA:103,1
DA:105,1
DA:106,2
DA:107,2
DA:108,1
DA:109,2
DA:112,1
DA:114,1
DA:115,1
DA:121,3
DA:124,2
DA:125,5
DA:129,1
DA:130,1
DA:131,5
DA:136,1
DA:137,4
DA:138,1
DA:142,5
DA:144,6
DA:146,2
DA:159,1
DA:168,1
DA:171,1
DA:172,1
DA:173,1
DA:174,1
DA:175,1
DA:176,1
DA:177,0
LF:64
LH:61
end_of_record
SF:lib/features/analytics/services/supabase_analytics_service.dart
DA:25,1
DA:31,1
DA:33,0
DA:37,1
DA:38,2
DA:41,2
DA:43,0
DA:46,2
DA:50,0
DA:51,0
DA:52,0
DA:53,0
DA:57,1
DA:58,4
DA:61,1
DA:63,2
DA:64,1
DA:65,1
DA:68,0
DA:70,0
DA:71,0
DA:73,0
DA:74,0
DA:77,1
DA:83,2
DA:85,4
DA:88,2
DA:96,1
DA:98,4
DA:99,2
DA:100,1
DA:103,1
DA:106,1
DA:108,3
DA:110,1
DA:112,2
DA:113,1
DA:116,2
DA:117,1
DA:118,5
DA:119,1
DA:120,1
DA:121,1
DA:123,1
DA:126,3
DA:127,1
DA:128,0
DA:129,0
DA:130,0
DA:131,0
DA:132,0
DA:137,3
DA:140,2
DA:142,2
DA:144,2
DA:145,2
DA:148,1
DA:149,1
DA:153,0
DA:155,0
DA:156,0
DA:159,1
DA:162,4
DA:169,1
DA:170,1
LF:65
LH:46
end_of_record
SF:lib/features/meditation/services/mock_timer_service.dart
DA:14,1
DA:15,2
DA:17,1
DA:18,1
DA:20,1
DA:21,1
DA:23,1
DA:25,1
DA:26,1
DA:30,1
DA:32,1
DA:33,1
DA:34,1
DA:36,4
DA:37,3
DA:38,3
DA:39,3
DA:42,3
DA:43,1
DA:44,1
DA:50,1
DA:52,1
DA:54,2
DA:55,1
DA:58,1
DA:60,4
DA:62,1
DA:63,4
DA:64,3
DA:65,3
DA:66,3
DA:69,3
DA:70,0
DA:71,0
DA:77,1
DA:79,2
DA:80,1
DA:81,1
DA:82,1
DA:85,1
DA:87,2
DA:88,3
DA:91,1
DA:93,1
DA:94,2
LF:45
LH:43
end_of_record
